{"ts":1701103898058,"action":"IDE_DEACTIVATED"}
{"ts":1701103897842,"action":"PROJECT_OPENED","tags":{"PROJECT_NAME":"avatarex_widget"}}
{"ts":1701103898568,"action":"FILE_OPENED","file":"/main.py","tags":{"FILE_LINE_OF_CODE":"17"}}
{"ts":1701103910530,"action":"IDE_ACTIVATED"}
{"ts":1701103912237,"action":"IDE_DEACTIVATED"}
{"ts":1701103912809,"action":"IDE_ACTIVATED"}
{"ts":1701103913397,"action":"IDE_DEACTIVATED"}
{"ts":1701103915964,"action":"IDE_ACTIVATED"}
{"ts":1701103916810,"action":"IDE_DEACTIVATED"}
{"ts":1701103931088,"action":"IDE_ACTIVATED"}
{"ts":1701103931702,"action":"IDE_DEACTIVATED"}
{"ts":1701103932225,"action":"IDE_ACTIVATED"}
{"ts":1701103932549,"action":"IDE_DEACTIVATED"}
{"ts":1701103976231,"action":"IDE_ACTIVATED"}
{"ts":1701103979649,"action":"IDE_DEACTIVATED"}
{"ts":1701104073515,"action":"IDE_ACTIVATED"}
{"ts":1701104076790,"action":"PROJECT_CLOSED","tags":{"PROJECT_NAME":"avatarex_widget"}}
{"ts":1701104396236,"action":"FILE_OPENED","file":"/main.py","tags":{"FILE_LINE_OF_CODE":"0"}}
{"ts":1701104396472,"action":"PROJECT_OPENED","tags":{"PROJECT_NAME":"avatarex_widget"}}
{"ts":1701104481255,"action":"IDE_DEACTIVATED"}
{"ts":1701104481847,"action":"IDE_ACTIVATED"}
{"ts":1701104487147,"action":"IDE_DEACTIVATED"}
{"ts":1701104490887,"action":"IDE_ACTIVATED"}
{"ts":1701104495330,"action":"IDE_DEACTIVATED"}
{"ts":1701104506832,"action":"IDE_ACTIVATED"}
{"ts":1701104508064,"action":"IDE_DEACTIVATED"}
{"ts":1701104533770,"action":"IDE_ACTIVATED"}
{"ts":1701104544783,"action":"IDE_DEACTIVATED"}
{"ts":1701104547462,"action":"IDE_ACTIVATED"}
{"ts":1701104557406,"action":"IDE_DEACTIVATED"}
{"ts":1701104559413,"action":"IDE_ACTIVATED"}
{"ts":1701104565473,"action":"IDE_DEACTIVATED"}
{"ts":1701104569025,"action":"IDE_ACTIVATED"}
{"ts":1701104572510,"action":"IDE_DEACTIVATED"}
{"ts":1701104573344,"action":"IDE_ACTIVATED"}
{"ts":1701104585400,"action":"IDE_DEACTIVATED"}
{"ts":1701104587290,"action":"IDE_ACTIVATED"}
{"ts":1701104591198,"action":"IDE_DEACTIVATED"}
{"ts":1701104591829,"action":"IDE_ACTIVATED"}
{"ts":1701104602085,"action":"IDE_DEACTIVATED"}
{"ts":1701104602445,"action":"IDE_ACTIVATED"}
{"ts":1701104606582,"action":"IDE_DEACTIVATED"}
{"ts":1701104609719,"action":"IDE_ACTIVATED"}
{"ts":1701104622019,"action":"IDE_DEACTIVATED"}
